[0m23:13:26.281522 [debug] [MainThread]: Sending event: {'category': 'dbt', 'action': 'invocation', 'label': 'start', 'context': [<snowplow_tracker.self_describing_json.SelfDescribingJson object at 0x00000187CB39CAD0>, <snowplow_tracker.self_describing_json.SelfDescribingJson object at 0x00000187CB302010>, <snowplow_tracker.self_describing_json.SelfDescribingJson object at 0x00000187CB39CE50>]}


============================== 23:13:26.287293 | b04629af-bfcd-467b-a174-0ca0c2515e32 ==============================
[0m23:13:26.287293 [info ] [MainThread]: Running with dbt=1.6.0
[0m23:13:26.289300 [debug] [MainThread]: running dbt with arguments {'printer_width': '80', 'indirect_selection': 'eager', 'log_cache_events': 'False', 'write_json': 'True', 'partial_parse': 'True', 'cache_selected_only': 'False', 'profiles_dir': 'C:\\Users\\gabri\\.dbt', 'debug': 'False', 'fail_fast': 'False', 'log_path': 'logs', 'version_check': 'True', 'warn_error': 'None', 'use_colors': 'True', 'use_experimental_parser': 'False', 'no_print': 'None', 'quiet': 'False', 'log_format': 'default', 'introspect': 'True', 'warn_error_options': 'WarnErrorOptions(include=[], exclude=[])', 'static_parser': 'True', 'target_path': 'None', 'invocation_command': 'dbt init countries_dbt_model', 'send_anonymous_usage_stats': 'True'}
[0m23:13:26.293298 [debug] [MainThread]: Starter project path: C:\Users\gabri\GitHub\countries_dw\.venv\Lib\site-packages\dbt\include\starter_project
[0m23:13:26.326307 [info ] [MainThread]: 
Your new dbt project "countries_dbt_model" was created!

For more information on how to configure the profiles.yml file,
please consult the dbt documentation here:

  https://docs.getdbt.com/docs/configure-your-profile

One more thing:

Need help? Don't hesitate to reach out to us via GitHub issues or on Slack:

  https://community.getdbt.com/

Happy modeling!

[0m23:13:26.333297 [info ] [MainThread]: Setting up your profile.
[0m23:13:39.623232 [debug] [MainThread]: Command `dbt init` succeeded at 23:13:39.622708 after 13.37 seconds
[0m23:13:39.624231 [debug] [MainThread]: Sending event: {'category': 'dbt', 'action': 'invocation', 'label': 'end', 'context': [<snowplow_tracker.self_describing_json.SelfDescribingJson object at 0x00000187C47D3BD0>, <snowplow_tracker.self_describing_json.SelfDescribingJson object at 0x00000187C478AF10>, <snowplow_tracker.self_describing_json.SelfDescribingJson object at 0x00000187CAB03DD0>]}
[0m23:13:39.625229 [debug] [MainThread]: Flushing usage events
[0m23:53:42.014036 [debug] [MainThread]: Sending event: {'category': 'dbt', 'action': 'invocation', 'label': 'start', 'context': [<snowplow_tracker.self_describing_json.SelfDescribingJson object at 0x0000020C4E9687D0>, <snowplow_tracker.self_describing_json.SelfDescribingJson object at 0x0000020C4E9680D0>, <snowplow_tracker.self_describing_json.SelfDescribingJson object at 0x0000020C4E968AD0>]}


============================== 23:53:42.021924 | d929eedb-dfe5-401f-9234-1903159f0985 ==============================
[0m23:53:42.021924 [info ] [MainThread]: Running with dbt=1.6.0
[0m23:53:42.023924 [debug] [MainThread]: running dbt with arguments {'printer_width': '80', 'indirect_selection': 'eager', 'log_cache_events': 'False', 'write_json': 'True', 'partial_parse': 'True', 'cache_selected_only': 'False', 'warn_error': 'None', 'debug': 'False', 'fail_fast': 'False', 'log_path': 'logs', 'version_check': 'True', 'profiles_dir': 'C:\\Users\\gabri\\.dbt', 'use_colors': 'True', 'use_experimental_parser': 'False', 'no_print': 'None', 'quiet': 'False', 'warn_error_options': 'WarnErrorOptions(include=[], exclude=[])', 'introspect': 'True', 'invocation_command': 'dbt debug', 'log_format': 'default', 'target_path': 'None', 'static_parser': 'True', 'send_anonymous_usage_stats': 'True'}
[0m23:53:42.026930 [info ] [MainThread]: dbt version: 1.6.0
[0m23:53:42.028928 [info ] [MainThread]: python version: 3.11.1
[0m23:53:42.032924 [info ] [MainThread]: python path: C:\Users\gabri\GitHub\countries_dw\.venv\Scripts\python.exe
[0m23:53:42.034926 [info ] [MainThread]: os info: Windows-10-10.0.19045-SP0
[0m23:53:42.165439 [info ] [MainThread]: Using profiles dir at C:\Users\gabri\.dbt
[0m23:53:42.166440 [info ] [MainThread]: Using profiles.yml file at C:\Users\gabri\.dbt\profiles.yml
[0m23:53:42.169446 [info ] [MainThread]: Using dbt_project.yml file at C:\Users\gabri\GitHub\countries_dw\src\dbt_project.yml
[0m23:53:42.172443 [info ] [MainThread]: adapter type: postgres
[0m23:53:42.174446 [info ] [MainThread]: adapter version: 1.6.0
[0m23:53:42.179447 [info ] [MainThread]: Configuration:
[0m23:53:42.183508 [info ] [MainThread]:   profiles.yml file [[32mOK found and valid[0m]
[0m23:53:42.185441 [info ] [MainThread]:   dbt_project.yml file [[31mERROR not found[0m]
[0m23:53:42.187441 [info ] [MainThread]: Required dependencies:
[0m23:53:42.190444 [debug] [MainThread]: Executing "git --help"
[0m23:53:42.285478 [debug] [MainThread]: STDOUT: "b"usage: git [-v | --version] [-h | --help] [-C <path>] [-c <name>=<value>]\n           [--exec-path[=<path>]] [--html-path] [--man-path] [--info-path]\n           [-p | --paginate | -P | --no-pager] [--no-replace-objects] [--bare]\n           [--git-dir=<path>] [--work-tree=<path>] [--namespace=<name>]\n           [--super-prefix=<path>] [--config-env=<name>=<envvar>]\n           <command> [<args>]\n\nThese are common Git commands used in various situations:\n\nstart a working area (see also: git help tutorial)\n   clone     Clone a repository into a new directory\n   init      Create an empty Git repository or reinitialize an existing one\n\nwork on the current change (see also: git help everyday)\n   add       Add file contents to the index\n   mv        Move or rename a file, a directory, or a symlink\n   restore   Restore working tree files\n   rm        Remove files from the working tree and from the index\n\nexamine the history and state (see also: git help revisions)\n   bisect    Use binary search to find the commit that introduced a bug\n   diff      Show changes between commits, commit and working tree, etc\n   grep      Print lines matching a pattern\n   log       Show commit logs\n   show      Show various types of objects\n   status    Show the working tree status\n\ngrow, mark and tweak your common history\n   branch    List, create, or delete branches\n   commit    Record changes to the repository\n   merge     Join two or more development histories together\n   rebase    Reapply commits on top of another base tip\n   reset     Reset current HEAD to the specified state\n   switch    Switch branches\n   tag       Create, list, delete or verify a tag object signed with GPG\n\ncollaborate (see also: git help workflows)\n   fetch     Download objects and refs from another repository\n   pull      Fetch from and integrate with another repository or a local branch\n   push      Update remote refs along with associated objects\n\n'git help -a' and 'git help -g' list available subcommands and some\nconcept guides. See 'git help <command>' or 'git help <concept>'\nto read about a specific subcommand or concept.\nSee 'git help git' for an overview of the system.\n""
[0m23:53:42.286478 [debug] [MainThread]: STDERR: "b''"
[0m23:53:42.287479 [info ] [MainThread]:  - git [[32mOK found[0m]

[0m23:53:42.289482 [info ] [MainThread]: Connection:
[0m23:53:42.290479 [info ] [MainThread]:   host: 127.0.0.1
[0m23:53:42.292480 [info ] [MainThread]:   port: 5432
[0m23:53:42.294488 [info ] [MainThread]:   user: gabriel_canuto
[0m23:53:42.295482 [info ] [MainThread]:   database: countries
[0m23:53:42.298483 [info ] [MainThread]:   schema: public
[0m23:53:42.300485 [info ] [MainThread]:   connect_timeout: 10
[0m23:53:42.301480 [info ] [MainThread]:   role: None
[0m23:53:42.303625 [info ] [MainThread]:   search_path: None
[0m23:53:42.305481 [info ] [MainThread]:   keepalives_idle: 0
[0m23:53:42.309514 [info ] [MainThread]:   sslmode: None
[0m23:53:42.313783 [info ] [MainThread]:   sslcert: None
[0m23:53:42.315482 [info ] [MainThread]:   sslkey: None
[0m23:53:42.317484 [info ] [MainThread]:   sslrootcert: None
[0m23:53:42.319479 [info ] [MainThread]:   application_name: dbt
[0m23:53:42.322481 [info ] [MainThread]:   retries: 1
[0m23:53:42.324480 [info ] [MainThread]: Registered adapter: postgres=1.6.0
[0m23:53:42.330485 [debug] [MainThread]: Acquiring new postgres connection 'debug'
[0m23:53:42.332483 [debug] [MainThread]: Using postgres connection "debug"
[0m23:53:42.333665 [debug] [MainThread]: On debug: select 1 as id
[0m23:53:42.334484 [debug] [MainThread]: Opening a new connection, currently in state init
[0m23:53:42.409477 [debug] [MainThread]: SQL status: SELECT 1 in 0.0 seconds
[0m23:53:42.411480 [debug] [MainThread]: On debug: Close
[0m23:53:42.414482 [info ] [MainThread]:   Connection test: [[32mOK connection ok[0m]

[0m23:53:42.416483 [info ] [MainThread]: [31m1 check failed:[0m
[0m23:53:42.418484 [info ] [MainThread]: Project loading failed for the following reason:
 project path <C:\Users\gabri\GitHub\countries_dw\src\dbt_project.yml> not found

[0m23:53:42.423680 [debug] [MainThread]: Command `dbt debug` failed at 23:53:42.423680 after 0.44 seconds
[0m23:53:42.425483 [debug] [MainThread]: Connection 'debug' was properly closed.
[0m23:53:42.426483 [debug] [MainThread]: Sending event: {'category': 'dbt', 'action': 'invocation', 'label': 'end', 'context': [<snowplow_tracker.self_describing_json.SelfDescribingJson object at 0x0000020C47D3BDD0>, <snowplow_tracker.self_describing_json.SelfDescribingJson object at 0x0000020C47D3AE50>, <snowplow_tracker.self_describing_json.SelfDescribingJson object at 0x0000020C48038750>]}
[0m23:53:42.427481 [debug] [MainThread]: Flushing usage events
