[0m09:28:58.998221 [debug] [MainThread]: Sending event: {'category': 'dbt', 'action': 'invocation', 'label': 'start', 'context': [<snowplow_tracker.self_describing_json.SelfDescribingJson object at 0x0000017DE237A3D0>, <snowplow_tracker.self_describing_json.SelfDescribingJson object at 0x0000017DE1A8B0D0>, <snowplow_tracker.self_describing_json.SelfDescribingJson object at 0x0000017DE236FB50>]}


============================== 09:28:59.063448 | d5d4f76a-8edc-4c4e-b62f-0552c81d5b86 ==============================
[0m09:28:59.063448 [info ] [MainThread]: Running with dbt=1.6.0
[0m09:28:59.065435 [debug] [MainThread]: running dbt with arguments {'printer_width': '80', 'indirect_selection': 'eager', 'log_cache_events': 'False', 'write_json': 'True', 'partial_parse': 'True', 'cache_selected_only': 'False', 'warn_error': 'None', 'fail_fast': 'False', 'version_check': 'True', 'log_path': 'logs', 'profiles_dir': 'C:\\Users\\gabri\\.dbt', 'debug': 'False', 'use_colors': 'True', 'use_experimental_parser': 'False', 'no_print': 'None', 'quiet': 'False', 'log_format': 'default', 'static_parser': 'True', 'warn_error_options': 'WarnErrorOptions(include=[], exclude=[])', 'invocation_command': 'dbt init', 'target_path': 'None', 'introspect': 'True', 'send_anonymous_usage_stats': 'True'}
[0m09:29:15.558585 [debug] [MainThread]: Starter project path: C:\Users\gabri\AppData\Local\pypoetry\Cache\virtualenvs\countries-KCEB_hOn-py3.11\Lib\site-packages\dbt\include\starter_project
[0m09:29:15.654586 [info ] [MainThread]: 
Your new dbt project "countries_dw" was created!

For more information on how to configure the profiles.yml file,
please consult the dbt documentation here:

  https://docs.getdbt.com/docs/configure-your-profile

One more thing:

Need help? Don't hesitate to reach out to us via GitHub issues or on Slack:

  https://community.getdbt.com/

Happy modeling!

[0m09:29:15.658588 [info ] [MainThread]: Setting up your profile.
[0m09:29:21.931695 [debug] [MainThread]: Command `dbt init` succeeded at 09:29:21.931695 after 22.97 seconds
[0m09:29:21.932696 [debug] [MainThread]: Sending event: {'category': 'dbt', 'action': 'invocation', 'label': 'end', 'context': [<snowplow_tracker.self_describing_json.SelfDescribingJson object at 0x0000017DE0AF5910>, <snowplow_tracker.self_describing_json.SelfDescribingJson object at 0x0000017DDB5C2810>, <snowplow_tracker.self_describing_json.SelfDescribingJson object at 0x0000017DDB899E10>]}
[0m09:29:21.933840 [debug] [MainThread]: Flushing usage events
[0m09:35:04.903286 [debug] [MainThread]: Sending event: {'category': 'dbt', 'action': 'invocation', 'label': 'start', 'context': [<snowplow_tracker.self_describing_json.SelfDescribingJson object at 0x000001B7B51B1D90>, <snowplow_tracker.self_describing_json.SelfDescribingJson object at 0x000001B7B4AC9E90>, <snowplow_tracker.self_describing_json.SelfDescribingJson object at 0x000001B7B5064A10>]}


============================== 09:35:04.911276 | af605cb7-ddb0-4486-a0c9-9e691a7d1525 ==============================
[0m09:35:04.911276 [info ] [MainThread]: Running with dbt=1.6.0
[0m09:35:04.915331 [debug] [MainThread]: running dbt with arguments {'printer_width': '80', 'indirect_selection': 'eager', 'write_json': 'True', 'log_cache_events': 'False', 'partial_parse': 'True', 'cache_selected_only': 'False', 'profiles_dir': 'C:\\Users\\gabri\\.dbt', 'version_check': 'True', 'warn_error': 'None', 'log_path': 'logs', 'debug': 'False', 'fail_fast': 'False', 'use_colors': 'True', 'use_experimental_parser': 'False', 'no_print': 'None', 'quiet': 'False', 'warn_error_options': 'WarnErrorOptions(include=[], exclude=[])', 'static_parser': 'True', 'introspect': 'True', 'invocation_command': 'dbt debug', 'target_path': 'None', 'log_format': 'default', 'send_anonymous_usage_stats': 'True'}
[0m09:35:04.917286 [info ] [MainThread]: dbt version: 1.6.0
[0m09:35:04.919343 [info ] [MainThread]: python version: 3.11.5
[0m09:35:04.922318 [info ] [MainThread]: python path: C:\Users\gabri\AppData\Local\pypoetry\Cache\virtualenvs\countries-KCEB_hOn-py3.11\Scripts\python.exe
[0m09:35:04.926286 [info ] [MainThread]: os info: Windows-10-10.0.19045-SP0
[0m09:35:05.149234 [info ] [MainThread]: Using profiles dir at C:\Users\gabri\.dbt
[0m09:35:05.150811 [info ] [MainThread]: Using profiles.yml file at C:\Users\gabri\.dbt\profiles.yml
[0m09:35:05.151809 [info ] [MainThread]: Using dbt_project.yml file at C:\Git\countries_dw\dbt_project.yml
[0m09:35:05.156811 [info ] [MainThread]: Configuration:
[0m09:35:05.159809 [info ] [MainThread]:   profiles.yml file [[31mERROR invalid[0m]
[0m09:35:05.164817 [info ] [MainThread]:   dbt_project.yml file [[31mERROR not found[0m]
[0m09:35:05.166806 [info ] [MainThread]: Required dependencies:
[0m09:35:05.170811 [debug] [MainThread]: Executing "git --help"
[0m09:35:05.348810 [debug] [MainThread]: STDOUT: "b"usage: git [-v | --version] [-h | --help] [-C <path>] [-c <name>=<value>]\n           [--exec-path[=<path>]] [--html-path] [--man-path] [--info-path]\n           [-p | --paginate | -P | --no-pager] [--no-replace-objects] [--bare]\n           [--git-dir=<path>] [--work-tree=<path>] [--namespace=<name>]\n           [--super-prefix=<path>] [--config-env=<name>=<envvar>]\n           <command> [<args>]\n\nThese are common Git commands used in various situations:\n\nstart a working area (see also: git help tutorial)\n   clone     Clone a repository into a new directory\n   init      Create an empty Git repository or reinitialize an existing one\n\nwork on the current change (see also: git help everyday)\n   add       Add file contents to the index\n   mv        Move or rename a file, a directory, or a symlink\n   restore   Restore working tree files\n   rm        Remove files from the working tree and from the index\n\nexamine the history and state (see also: git help revisions)\n   bisect    Use binary search to find the commit that introduced a bug\n   diff      Show changes between commits, commit and working tree, etc\n   grep      Print lines matching a pattern\n   log       Show commit logs\n   show      Show various types of objects\n   status    Show the working tree status\n\ngrow, mark and tweak your common history\n   branch    List, create, or delete branches\n   commit    Record changes to the repository\n   merge     Join two or more development histories together\n   rebase    Reapply commits on top of another base tip\n   reset     Reset current HEAD to the specified state\n   switch    Switch branches\n   tag       Create, list, delete or verify a tag object signed with GPG\n\ncollaborate (see also: git help workflows)\n   fetch     Download objects and refs from another repository\n   pull      Fetch from and integrate with another repository or a local branch\n   push      Update remote refs along with associated objects\n\n'git help -a' and 'git help -g' list available subcommands and some\nconcept guides. See 'git help <command>' or 'git help <concept>'\nto read about a specific subcommand or concept.\nSee 'git help git' for an overview of the system.\n""
[0m09:35:05.350811 [debug] [MainThread]: STDERR: "b''"
[0m09:35:05.353809 [info ] [MainThread]:  - git [[32mOK found[0m]

[0m09:35:05.359847 [info ] [MainThread]: Connection test skipped since no profile was found
[0m09:35:05.361818 [info ] [MainThread]: [31m2 checks failed:[0m
[0m09:35:05.364823 [info ] [MainThread]: Could not load dbt_project.yml
Profile loading failed for the following reason:
Runtime Error
  Credentials in profile "countries_dw", target "dev" invalid: ['dbname'] is not of type 'string'


[0m09:35:05.370810 [info ] [MainThread]: Project loading failed for the following reason:
 project path <C:\Git\countries_dw\dbt_project.yml> not found

[0m09:35:05.376808 [debug] [MainThread]: Command `dbt debug` failed at 09:35:05.376808 after 0.52 seconds
[0m09:35:05.377807 [debug] [MainThread]: Sending event: {'category': 'dbt', 'action': 'invocation', 'label': 'end', 'context': [<snowplow_tracker.self_describing_json.SelfDescribingJson object at 0x000001B7B4D85250>, <snowplow_tracker.self_describing_json.SelfDescribingJson object at 0x000001B7AE8006D0>, <snowplow_tracker.self_describing_json.SelfDescribingJson object at 0x000001B7AE8005D0>]}
[0m09:35:05.379812 [debug] [MainThread]: Flushing usage events
